[INFO ] 2020-04-20T12:36:24,932Z [Test worker] cordapp.JarScanningCordappLoader. - Loading CorDapps from RestrictedURL(url=file:/Users/garryjackson/Documents/GitHub/quickstart/qs-swisspost/workflows/build/generated-custom-cordapps/20200420-123623.835/custom-cordapp_1_5_defe3a18-3b69-4ef2-8a22-07f27e9a8e9a.jar, rootPackageName=null) {}
[INFO ] 2020-04-20T12:36:25,038Z [Test worker] cordapp.JarScanningCordappLoader. - Scanning CorDapp in file:/Users/garryjackson/Documents/GitHub/quickstart/qs-swisspost/workflows/build/generated-custom-cordapps/20200420-123623.835/custom-cordapp_1_5_defe3a18-3b69-4ef2-8a22-07f27e9a8e9a.jar {}
[INFO ] 2020-04-20T13:28:23,154Z [Test worker] cordapp.JarScanningCordappLoader. - Loading CorDapps from RestrictedURL(url=file:/Users/garryjackson/Documents/GitHub/quickstart/qs-swisspost/workflows/build/generated-custom-cordapps/20200420-132822.186/custom-cordapp_1_5_27054a7a-96a0-4dd6-b918-96c30afe1796.jar, rootPackageName=null) {}
[INFO ] 2020-04-20T13:28:23,233Z [Test worker] cordapp.JarScanningCordappLoader. - Scanning CorDapp in file:/Users/garryjackson/Documents/GitHub/quickstart/qs-swisspost/workflows/build/generated-custom-cordapps/20200420-132822.186/custom-cordapp_1_5_27054a7a-96a0-4dd6-b918-96c30afe1796.jar {}
[INFO ] 2020-04-20T13:35:10,534Z [driver-pool-thread-0] network.NodeInfoFilesCopier. - Now watching: /Users/garryjackson/Documents/GitHub/quickstart/qs-swisspost/workflows/build/node-driver/20200420-133506.852/NotaryService {}
[INFO ] 2020-04-20T13:35:10,836Z [driver-pool-thread-1] internal.DriverDSLImpl. - Starting in-process Node Notary Service {}
[INFO ] 2020-04-20T13:35:10,942Z [driver-pool-thread-1] cordapp.JarScanningCordappLoader. - Looking for CorDapps in [/Users/garryjackson/Documents/GitHub/quickstart/qs-swisspost/workflows/build/node-driver/20200420-133506.852/NotaryService/cordapps] {}
[INFO ] 2020-04-20T13:35:10,955Z [driver-pool-thread-1] cordapp.JarScanningCordappLoader. - Loading CorDapps from RestrictedURL(url=file:/Users/garryjackson/Documents/GitHub/quickstart/qs-swisspost/workflows/build/node-driver/20200420-133506.852/NotaryService/cordapps/custom-cordapp_1_5_a6413e31-b540-43aa-a789-0a05df140d39.jar, rootPackageName=null) {}
[INFO ] 2020-04-20T13:35:10,972Z [driver-pool-thread-1] cordapp.JarScanningCordappLoader. - Scanning CorDapp in file:/Users/garryjackson/Documents/GitHub/quickstart/qs-swisspost/workflows/build/node-driver/20200420-133506.852/NotaryService/cordapps/custom-cordapp_1_5_a6413e31-b540-43aa-a789-0a05df140d39.jar {}
[INFO ] 2020-04-20T13:35:11,589Z [driver-pool-thread-1] internal.Node. - Node starting up ... {}
[INFO ] 2020-04-20T13:35:11,632Z [driver-pool-thread-1] internal.NodeFlowManager. - Registered org.r3.tdh.prototype.Initiator to initiate org.r3.tdh.prototype.Responder (version 1) {}
[INFO ] 2020-04-20T13:35:11,747Z [driver-pool-thread-1] internal.Node. - Loaded network parameters: NetworkParameters {
      minimumPlatformVersion=1
      notaries=[NotaryInfo(identity=O=Notary Service, L=Zurich, C=CH, validating=true)]
      maxMessageSize=10485760
      maxTransactionSize=524288000
      whitelistedContractImplementations {
        
      }
      eventHorizon=PT720H
      packageOwnership {
        
      }
      modifiedTime=2020-04-20T13:35:06.869Z
      epoch=1
  } {}
[INFO ] 2020-04-20T13:35:15,492Z [driver-pool-thread-1] persistence.AttachmentVersionNumberMigration. - Start executing... {changeSet=migration/node-services.changelog-init.xml::update-version-of-whitelisted-jars::R3.Corda, databaseChangeLog=master.changelog.json}
[INFO ] 2020-04-20T13:35:15,496Z [driver-pool-thread-1] persistence.AttachmentVersionNumberMigration. - Attachment version creation from whitelisted JARs using network parameters from /Users/garryjackson/Documents/GitHub/quickstart/qs-swisspost/workflows/build/node-driver/20200420-133506.852/NotaryService/network-parameters, whitelistedContractImplementations: {}. {changeSet=migration/node-services.changelog-init.xml::update-version-of-whitelisted-jars::R3.Corda, databaseChangeLog=master.changelog.json}
[INFO ] 2020-04-20T13:35:15,496Z [driver-pool-thread-1] persistence.AttachmentVersionNumberMigration. - Attachment version creation from whitelisted JARs skipped, no attachments not found. {changeSet=migration/node-services.changelog-init.xml::update-version-of-whitelisted-jars::R3.Corda, databaseChangeLog=master.changelog.json}
[INFO ] 2020-04-20T13:35:15,525Z [driver-pool-thread-1] migration.VaultStateMigration. - Migrating vault state data to V4 tables {changeSet=migration/vault-schema.changelog-v9.xml::update-vault-states::R3.Corda, databaseChangeLog=master.changelog.json}
[INFO ] 2020-04-20T13:35:15,622Z [driver-pool-thread-1] persistence.HibernateConfiguration. - Init HibernateConfiguration for schemas: [VaultMigrationSchemaV1(name=net.corda.node.migration.VaultMigrationSchema, version=1), VaultSchemaV1(name=net.corda.node.services.vault.VaultSchema, version=1)] {changeSet=migration/vault-schema.changelog-v9.xml::update-vault-states::R3.Corda, databaseChangeLog=master.changelog.json}
[INFO ] 2020-04-20T13:35:15,638Z [driver-pool-thread-1] persistence.HibernateConfiguration. - Creating session factory for schemas: [VaultMigrationSchemaV1(name=net.corda.node.migration.VaultMigrationSchema, version=1), VaultSchemaV1(name=net.corda.node.services.vault.VaultSchema, version=1)] {changeSet=migration/vault-schema.changelog-v9.xml::update-vault-states::R3.Corda, databaseChangeLog=master.changelog.json}
[INFO ] 2020-04-20T13:35:18,120Z [driver-pool-thread-1] persistence.HibernateConfiguration. - Created session factory for schemas: [VaultMigrationSchemaV1(name=net.corda.node.migration.VaultMigrationSchema, version=1), VaultSchemaV1(name=net.corda.node.services.vault.VaultSchema, version=1)] {changeSet=migration/vault-schema.changelog-v9.xml::update-vault-states::R3.Corda, databaseChangeLog=master.changelog.json}
[INFO ] 2020-04-20T13:35:18,618Z [driver-pool-thread-1] migration.VaultStateMigration. - Finished performing vault state data migration for 0 states {changeSet=migration/vault-schema.changelog-v9.xml::update-vault-states::R3.Corda, databaseChangeLog=master.changelog.json}
[INFO ] 2020-04-20T13:35:18,620Z [driver-pool-thread-1] migration.PersistentIdentityMigrationNewTable. - Migrating persistent identities with certificates table into persistent table with no certificate data. {changeSet=migration/node-services.changelog-init.xml::transfer-to-new-persistence-table::R3.Corda, databaseChangeLog=master.changelog.json}
[INFO ] 2020-04-20T13:35:18,623Z [driver-pool-thread-1] persistence.HibernateConfiguration. - Init HibernateConfiguration for schemas: [MappedSchema(name=net.corda.node.migration.PersistentIdentitiesMigrationSchema, version=1)] {changeSet=migration/node-services.changelog-init.xml::transfer-to-new-persistence-table::R3.Corda, databaseChangeLog=master.changelog.json}
[INFO ] 2020-04-20T13:35:18,623Z [driver-pool-thread-1] persistence.HibernateConfiguration. - Creating session factory for schemas: [MappedSchema(name=net.corda.node.migration.PersistentIdentitiesMigrationSchema, version=1)] {changeSet=migration/node-services.changelog-init.xml::transfer-to-new-persistence-table::R3.Corda, databaseChangeLog=master.changelog.json}
[INFO ] 2020-04-20T13:35:18,683Z [driver-pool-thread-1] persistence.HibernateConfiguration. - Created session factory for schemas: [MappedSchema(name=net.corda.node.migration.PersistentIdentitiesMigrationSchema, version=1)] {changeSet=migration/node-services.changelog-init.xml::transfer-to-new-persistence-table::R3.Corda, databaseChangeLog=master.changelog.json}
[INFO ] 2020-04-20T13:35:18,722Z [driver-pool-thread-1] internal.Node. - Connected to H2 database. {}
[INFO ] 2020-04-20T13:35:18,737Z [driver-pool-thread-1] persistence.HibernateConfiguration. - Init HibernateConfiguration for schemas: [CommonSchemaV1(name=net.corda.core.schemas.CommonSchema, version=1), VaultSchemaV1(name=net.corda.node.services.vault.VaultSchema, version=1), NodeInfoSchemaV1(name=net.corda.node.internal.schemas.NodeInfoSchema, version=1), NodeCoreV1(name=net.corda.node.services.schema.NodeSchemaService$NodeCore, version=1), NodeNotarySchemaV1(name=net.corda.node.services.transactions.NodeNotarySchema, version=1)] {}
[INFO ] 2020-04-20T13:35:18,737Z [driver-pool-thread-1] persistence.HibernateConfiguration. - Creating session factory for schemas: [CommonSchemaV1(name=net.corda.core.schemas.CommonSchema, version=1), VaultSchemaV1(name=net.corda.node.services.vault.VaultSchema, version=1), NodeInfoSchemaV1(name=net.corda.node.internal.schemas.NodeInfoSchema, version=1), NodeCoreV1(name=net.corda.node.services.schema.NodeSchemaService$NodeCore, version=1), NodeNotarySchemaV1(name=net.corda.node.services.transactions.NodeNotarySchema, version=1)] {}
[INFO ] 2020-04-20T13:35:18,912Z [driver-pool-thread-1] persistence.HibernateConfiguration. - Created session factory for schemas: [CommonSchemaV1(name=net.corda.core.schemas.CommonSchema, version=1), VaultSchemaV1(name=net.corda.node.services.vault.VaultSchema, version=1), NodeInfoSchemaV1(name=net.corda.node.internal.schemas.NodeInfoSchema, version=1), NodeCoreV1(name=net.corda.node.services.schema.NodeSchemaService$NodeCore, version=1), NodeNotarySchemaV1(name=net.corda.node.services.transactions.NodeNotarySchema, version=1)] {}
[INFO ] 2020-04-20T13:35:18,918Z [driver-pool-thread-1] internal.Node. - Node-info has changed so submitting update. Old node-info was null {}
[INFO ] 2020-04-20T13:35:18,918Z [driver-pool-thread-1] network.PersistentNetworkMapCache. - Adding node with info: NodeInfo(addresses=[localhost:10285], legalIdentitiesAndCerts=[O=Notary Service, L=Zurich, C=CH], platformVersion=5, serial=1587389718918) {}
[INFO ] 2020-04-20T13:35:18,922Z [driver-pool-thread-1] network.PersistentNetworkMapCache. - No previous node found for O=Notary Service, L=Zurich, C=CH {}
[INFO ] 2020-04-20T13:35:19,074Z [driver-pool-thread-1] internal.Node. - New node-info: NodeInfo(addresses=[localhost:10285], legalIdentitiesAndCerts=[O=Notary Service, L=Zurich, C=CH], platformVersion=5, serial=1587389718918) {}
[INFO ] 2020-04-20T13:35:19,126Z [driver-pool-thread-1] network.NetworkMapUpdater. - Auto-accept enabled for network parameter changes which modify only: [epoch, modifiedTime, packageOwnership, whitelistedContractImplementations] {}
[INFO ] 2020-04-20T13:35:19,134Z [InProcessNode-1-2] network.PersistentNetworkMapCache. - Adding node with info: NodeInfo(addresses=[localhost:10285], legalIdentitiesAndCerts=[O=Notary Service, L=Zurich, C=CH], platformVersion=5, serial=1587389718918) {}
[INFO ] 2020-04-20T13:35:19,149Z [driver-pool-thread-1] security.RPCSecurityManagerImpl. - Constructing realm from list of users in config [User(default, permissions=[ALL])] {}
[INFO ] 2020-04-20T13:35:19,152Z [InProcessNode-1-2] network.PersistentNetworkMapCache. - Previous node was identical to incoming one - doing nothing {}
[INFO ] 2020-04-20T13:35:19,516Z [driver-pool-thread-1] BasicInfo. - Advertised P2P messaging addresses      : localhost:10285 {}
[INFO ] 2020-04-20T13:35:19,518Z [driver-pool-thread-1] BasicInfo. - RPC connection address                  : localhost:10286 {}
[INFO ] 2020-04-20T13:35:19,518Z [driver-pool-thread-1] BasicInfo. - RPC admin connection address            : localhost:10287 {}
[INFO ] 2020-04-20T13:35:20,662Z [driver-pool-thread-1] messaging.ArtemisMessagingServer. - P2P messaging server listening on 0.0.0.0:10285 {}
[INFO ] 2020-04-20T13:35:20,892Z [driver-pool-thread-1] internal.ArtemisMessagingClient. - Connecting to message broker: localhost:10285 {}
[INFO ] 2020-04-20T13:35:21,388Z [driver-pool-thread-1] internal.ArtemisMessagingClient. - Connecting to message broker: localhost:10285 {}
[INFO ] 2020-04-20T13:35:21,483Z [driver-pool-thread-1] messaging.P2PMessagingClient. - Connecting to message broker: localhost:10285 {}
[INFO ] 2020-04-20T13:35:21,511Z [driver-pool-thread-1] messaging.P2PMessagingClient. - Create fresh queue p2p.inbound.DL3rgnxct2NXogxBMEaP25dEaLaremkHQbwNfvbkNmVVAp bound on same address {}
[INFO ] 2020-04-20T13:35:21,760Z [Thread-0 (ActiveMQ-client-factory-threads-403995041)] bridging.BridgeControlListener. - Received bridge control message NodeToBridgeSnapshot(nodeIdentity=O=Notary Service, L=Zurich, C=CH, inboxQueues=[p2p.inbound.DL3rgnxct2NXogxBMEaP25dEaLaremkHQbwNfvbkNmVVAp], sendQueues=[]) {}
[INFO ] 2020-04-20T13:35:21,761Z [driver-pool-thread-1] utilities.NotaryLoader. - Starting notary service: class net.corda.node.services.transactions.SimpleNotaryService {}
[INFO ] 2020-04-20T13:35:21,763Z [driver-pool-thread-1] notary.SinglePartyNotaryService. - Starting notary in validating mode {}
[INFO ] 2020-04-20T13:35:22,177Z [driver-pool-thread-1] statemachine.SingleThreadedStateMachineManager. - Node ready, info: NodeInfo(addresses=[localhost:10285], legalIdentitiesAndCerts=[O=Notary Service, L=Zurich, C=CH], platformVersion=5, serial=1587389718918) {}
[INFO ] 2020-04-20T13:35:22,187Z [Node thread-1] internal.Node. - Registering JMX reporter: {}
[INFO ] 2020-04-20T13:35:22,187Z [Node thread-1] internal.Node. - Registering Jolokia JMX reporter: {}
[INFO ] 2020-04-20T13:35:22,192Z [Notary Service] rpc.RPCServer. - Starting RPC server with configuration RPCServerConfiguration(rpcThreadPoolSize=4, reapInterval=PT1S, deduplicationCacheExpiry=PT24H) {}
[INFO ] 2020-04-20T13:35:22,337Z [driver-pool-thread-1] internal.RPCClient. - Startup took 120 msec {}
[INFO ] 2020-04-20T13:35:22,429Z [Test worker] network.NodeInfoFilesCopier. - Now watching: /Users/garryjackson/Documents/GitHub/quickstart/qs-swisspost/workflows/build/node-driver/20200420-133506.852/ROUA {}
[INFO ] 2020-04-20T13:35:22,430Z [driver-pool-thread-0] internal.DriverDSLImpl. - Starting in-process Node ROUA {}
[INFO ] 2020-04-20T13:35:22,431Z [driver-pool-thread-0] cordapp.JarScanningCordappLoader. - Looking for CorDapps in [/Users/garryjackson/Documents/GitHub/quickstart/qs-swisspost/workflows/build/node-driver/20200420-133506.852/ROUA/cordapps] {}
[INFO ] 2020-04-20T13:35:22,432Z [driver-pool-thread-0] cordapp.JarScanningCordappLoader. - Loading CorDapps from RestrictedURL(url=file:/Users/garryjackson/Documents/GitHub/quickstart/qs-swisspost/workflows/build/node-driver/20200420-133506.852/ROUA/cordapps/custom-cordapp_1_5_a6413e31-b540-43aa-a789-0a05df140d39.jar, rootPackageName=null) {}
[INFO ] 2020-04-20T13:35:22,432Z [driver-pool-thread-0] cordapp.JarScanningCordappLoader. - Scanning CorDapp in file:/Users/garryjackson/Documents/GitHub/quickstart/qs-swisspost/workflows/build/node-driver/20200420-133506.852/ROUA/cordapps/custom-cordapp_1_5_a6413e31-b540-43aa-a789-0a05df140d39.jar {}
[WARN ] 2020-04-20T13:35:22,442Z [driver-pool-thread-0] cordapp.CordappResolver. - The CorDapp (name: Contract: custom-cordapp, Workflow: custom-cordapp, file: custom-cordapp_1_5_a6413e31-b540-43aa-a789-0a05df140d39) is installed multiple times on the node. The following files correspond to the exact same content: [custom-cordapp_1_5_a6413e31-b540-43aa-a789-0a05df140d39] {}
[INFO ] 2020-04-20T13:35:22,446Z [driver-pool-thread-0] internal.Node. - Node starting up ... {}
[INFO ] 2020-04-20T13:35:22,472Z [driver-pool-thread-0] internal.NodeFlowManager. - Registered org.r3.tdh.prototype.Initiator to initiate org.r3.tdh.prototype.Responder (version 1) {}
[INFO ] 2020-04-20T13:35:22,475Z [driver-pool-thread-0] internal.Node. - Loaded network parameters: NetworkParameters {
      minimumPlatformVersion=1
      notaries=[NotaryInfo(identity=O=Notary Service, L=Zurich, C=CH, validating=true)]
      maxMessageSize=10485760
      maxTransactionSize=524288000
      whitelistedContractImplementations {
        
      }
      eventHorizon=PT720H
      packageOwnership {
        
      }
      modifiedTime=2020-04-20T13:35:06.869Z
      epoch=1
  } {}
[INFO ] 2020-04-20T13:35:22,979Z [driver-pool-thread-0] persistence.AttachmentVersionNumberMigration. - Start executing... {changeSet=migration/node-services.changelog-init.xml::update-version-of-whitelisted-jars::R3.Corda, databaseChangeLog=master.changelog.json}
[INFO ] 2020-04-20T13:35:22,982Z [driver-pool-thread-0] persistence.AttachmentVersionNumberMigration. - Attachment version creation from whitelisted JARs using network parameters from /Users/garryjackson/Documents/GitHub/quickstart/qs-swisspost/workflows/build/node-driver/20200420-133506.852/ROUA/network-parameters, whitelistedContractImplementations: {}. {changeSet=migration/node-services.changelog-init.xml::update-version-of-whitelisted-jars::R3.Corda, databaseChangeLog=master.changelog.json}
[INFO ] 2020-04-20T13:35:22,982Z [driver-pool-thread-0] persistence.AttachmentVersionNumberMigration. - Attachment version creation from whitelisted JARs skipped, no attachments not found. {changeSet=migration/node-services.changelog-init.xml::update-version-of-whitelisted-jars::R3.Corda, databaseChangeLog=master.changelog.json}
[INFO ] 2020-04-20T13:35:22,992Z [driver-pool-thread-0] migration.VaultStateMigration. - Migrating vault state data to V4 tables {changeSet=migration/vault-schema.changelog-v9.xml::update-vault-states::R3.Corda, databaseChangeLog=master.changelog.json}
[INFO ] 2020-04-20T13:35:22,994Z [driver-pool-thread-0] persistence.HibernateConfiguration. - Init HibernateConfiguration for schemas: [VaultMigrationSchemaV1(name=net.corda.node.migration.VaultMigrationSchema, version=1), VaultSchemaV1(name=net.corda.node.services.vault.VaultSchema, version=1)] {changeSet=migration/vault-schema.changelog-v9.xml::update-vault-states::R3.Corda, databaseChangeLog=master.changelog.json}
[INFO ] 2020-04-20T13:35:22,994Z [driver-pool-thread-0] persistence.HibernateConfiguration. - Creating session factory for schemas: [VaultMigrationSchemaV1(name=net.corda.node.migration.VaultMigrationSchema, version=1), VaultSchemaV1(name=net.corda.node.services.vault.VaultSchema, version=1)] {changeSet=migration/vault-schema.changelog-v9.xml::update-vault-states::R3.Corda, databaseChangeLog=master.changelog.json}
[INFO ] 2020-04-20T13:35:23,152Z [driver-pool-thread-0] persistence.HibernateConfiguration. - Created session factory for schemas: [VaultMigrationSchemaV1(name=net.corda.node.migration.VaultMigrationSchema, version=1), VaultSchemaV1(name=net.corda.node.services.vault.VaultSchema, version=1)] {changeSet=migration/vault-schema.changelog-v9.xml::update-vault-states::R3.Corda, databaseChangeLog=master.changelog.json}
[INFO ] 2020-04-20T13:35:23,172Z [driver-pool-thread-0] migration.VaultStateMigration. - Finished performing vault state data migration for 0 states {changeSet=migration/vault-schema.changelog-v9.xml::update-vault-states::R3.Corda, databaseChangeLog=master.changelog.json}
[INFO ] 2020-04-20T13:35:23,173Z [driver-pool-thread-0] migration.PersistentIdentityMigrationNewTable. - Migrating persistent identities with certificates table into persistent table with no certificate data. {changeSet=migration/node-services.changelog-init.xml::transfer-to-new-persistence-table::R3.Corda, databaseChangeLog=master.changelog.json}
[INFO ] 2020-04-20T13:35:23,175Z [driver-pool-thread-0] persistence.HibernateConfiguration. - Init HibernateConfiguration for schemas: [MappedSchema(name=net.corda.node.migration.PersistentIdentitiesMigrationSchema, version=1)] {changeSet=migration/node-services.changelog-init.xml::transfer-to-new-persistence-table::R3.Corda, databaseChangeLog=master.changelog.json}
[INFO ] 2020-04-20T13:35:23,175Z [driver-pool-thread-0] persistence.HibernateConfiguration. - Creating session factory for schemas: [MappedSchema(name=net.corda.node.migration.PersistentIdentitiesMigrationSchema, version=1)] {changeSet=migration/node-services.changelog-init.xml::transfer-to-new-persistence-table::R3.Corda, databaseChangeLog=master.changelog.json}
[INFO ] 2020-04-20T13:35:23,241Z [driver-pool-thread-0] persistence.HibernateConfiguration. - Created session factory for schemas: [MappedSchema(name=net.corda.node.migration.PersistentIdentitiesMigrationSchema, version=1)] {changeSet=migration/node-services.changelog-init.xml::transfer-to-new-persistence-table::R3.Corda, databaseChangeLog=master.changelog.json}
[INFO ] 2020-04-20T13:35:23,249Z [driver-pool-thread-0] internal.Node. - Connected to H2 database. {}
[INFO ] 2020-04-20T13:35:23,251Z [driver-pool-thread-0] persistence.HibernateConfiguration. - Init HibernateConfiguration for schemas: [CommonSchemaV1(name=net.corda.core.schemas.CommonSchema, version=1), VaultSchemaV1(name=net.corda.node.services.vault.VaultSchema, version=1), NodeInfoSchemaV1(name=net.corda.node.internal.schemas.NodeInfoSchema, version=1), NodeCoreV1(name=net.corda.node.services.schema.NodeSchemaService$NodeCore, version=1)] {}
[INFO ] 2020-04-20T13:35:23,251Z [driver-pool-thread-0] persistence.HibernateConfiguration. - Creating session factory for schemas: [CommonSchemaV1(name=net.corda.core.schemas.CommonSchema, version=1), VaultSchemaV1(name=net.corda.node.services.vault.VaultSchema, version=1), NodeInfoSchemaV1(name=net.corda.node.internal.schemas.NodeInfoSchema, version=1), NodeCoreV1(name=net.corda.node.services.schema.NodeSchemaService$NodeCore, version=1)] {}
[INFO ] 2020-04-20T13:35:23,388Z [driver-pool-thread-0] persistence.HibernateConfiguration. - Created session factory for schemas: [CommonSchemaV1(name=net.corda.core.schemas.CommonSchema, version=1), VaultSchemaV1(name=net.corda.node.services.vault.VaultSchema, version=1), NodeInfoSchemaV1(name=net.corda.node.internal.schemas.NodeInfoSchema, version=1), NodeCoreV1(name=net.corda.node.services.schema.NodeSchemaService$NodeCore, version=1)] {}
[INFO ] 2020-04-20T13:35:23,389Z [driver-pool-thread-0] internal.Node. - identity-private-key not found in key store, generating fresh key! {}
[INFO ] 2020-04-20T13:35:23,406Z [driver-pool-thread-0] internal.Node. - Node-info has changed so submitting update. Old node-info was null {}
[INFO ] 2020-04-20T13:35:23,406Z [driver-pool-thread-0] network.PersistentNetworkMapCache. - Adding node with info: NodeInfo(addresses=[localhost:10289], legalIdentitiesAndCerts=[O=ROUA, L=, C=GB], platformVersion=5, serial=1587389723406) {}
[INFO ] 2020-04-20T13:35:23,408Z [driver-pool-thread-0] network.PersistentNetworkMapCache. - No previous node found for O=ROUA, L=, C=GB {}
[INFO ] 2020-04-20T13:35:23,415Z [driver-pool-thread-0] internal.Node. - New node-info: NodeInfo(addresses=[localhost:10289], legalIdentitiesAndCerts=[O=ROUA, L=, C=GB], platformVersion=5, serial=1587389723406) {}
[INFO ] 2020-04-20T13:35:23,423Z [driver-pool-thread-0] network.NetworkMapUpdater. - Auto-accept enabled for network parameter changes which modify only: [epoch, modifiedTime, packageOwnership, whitelistedContractImplementations] {}
[INFO ] 2020-04-20T13:35:23,423Z [driver-pool-thread-0] security.RPCSecurityManagerImpl. - Constructing realm from list of users in config [User(default, permissions=[ALL])] {}
[INFO ] 2020-04-20T13:35:23,425Z [driver-pool-thread-0] BasicInfo. - Advertised P2P messaging addresses      : localhost:10289 {}
[INFO ] 2020-04-20T13:35:23,425Z [driver-pool-thread-0] BasicInfo. - RPC connection address                  : localhost:10290 {}
[INFO ] 2020-04-20T13:35:23,425Z [driver-pool-thread-0] BasicInfo. - RPC admin connection address            : localhost:10291 {}
[INFO ] 2020-04-20T13:35:23,426Z [InProcessNode-2-2] network.PersistentNetworkMapCache. - Adding node with info: NodeInfo(addresses=[localhost:10285], legalIdentitiesAndCerts=[O=Notary Service, L=Zurich, C=CH], platformVersion=5, serial=1587389718918) {}
[INFO ] 2020-04-20T13:35:23,428Z [InProcessNode-2-2] network.PersistentNetworkMapCache. - No previous node found for O=Notary Service, L=Zurich, C=CH {}
[INFO ] 2020-04-20T13:35:23,465Z [InProcessNode-2-2] network.PersistentNetworkMapCache. - Adding node with info: NodeInfo(addresses=[localhost:10289], legalIdentitiesAndCerts=[O=ROUA, L=, C=GB], platformVersion=5, serial=1587389723406) {}
[INFO ] 2020-04-20T13:35:23,475Z [InProcessNode-2-2] network.PersistentNetworkMapCache. - Previous node was identical to incoming one - doing nothing {}
[INFO ] 2020-04-20T13:35:23,569Z [driver-pool-thread-0] messaging.ArtemisMessagingServer. - P2P messaging server listening on 0.0.0.0:10289 {}
[INFO ] 2020-04-20T13:35:23,662Z [driver-pool-thread-0] internal.ArtemisMessagingClient. - Connecting to message broker: localhost:10289 {}
[INFO ] 2020-04-20T13:35:23,691Z [driver-pool-thread-0] internal.ArtemisMessagingClient. - Connecting to message broker: localhost:10289 {}
[INFO ] 2020-04-20T13:35:23,731Z [driver-pool-thread-0] messaging.P2PMessagingClient. - Connecting to message broker: localhost:10289 {}
[INFO ] 2020-04-20T13:35:23,767Z [driver-pool-thread-0] messaging.P2PMessagingClient. - Create fresh queue p2p.inbound.DLH9GVLHqwFg69VaMd47JRa581YEShtkZ2BBZX3L1B5hvN bound on same address {}
[INFO ] 2020-04-20T13:35:23,803Z [Thread-0 (ActiveMQ-client-factory-threads-435950993)] bridging.BridgeControlListener. - Received bridge control message NodeToBridgeSnapshot(nodeIdentity=O=ROUA, L=, C=GB, inboxQueues=[p2p.inbound.DLH9GVLHqwFg69VaMd47JRa581YEShtkZ2BBZX3L1B5hvN], sendQueues=[]) {}
[INFO ] 2020-04-20T13:35:23,825Z [driver-pool-thread-0] statemachine.SingleThreadedStateMachineManager. - Node ready, info: NodeInfo(addresses=[localhost:10289], legalIdentitiesAndCerts=[O=ROUA, L=, C=GB], platformVersion=5, serial=1587389723406) {}
[INFO ] 2020-04-20T13:35:23,829Z [Node thread-2] internal.Node. - Registering JMX reporter: {}
[INFO ] 2020-04-20T13:35:23,829Z [Node thread-2] internal.Node. - Registering Jolokia JMX reporter: {}
[INFO ] 2020-04-20T13:35:23,830Z [ROUA] rpc.RPCServer. - Starting RPC server with configuration RPCServerConfiguration(rpcThreadPoolSize=4, reapInterval=PT1S, deduplicationCacheExpiry=PT24H) {}
[INFO ] 2020-04-20T13:35:23,897Z [driver-pool-thread-0] internal.RPCClient. - Startup took 64 msec {}
[INFO ] 2020-04-20T13:35:25,133Z [InProcessNode-1-2] network.PersistentNetworkMapCache. - Adding node with info: NodeInfo(addresses=[localhost:10289], legalIdentitiesAndCerts=[O=ROUA, L=, C=GB], platformVersion=5, serial=1587389723406) {}
[INFO ] 2020-04-20T13:35:25,134Z [InProcessNode-1-2] network.PersistentNetworkMapCache. - No previous node found for O=ROUA, L=, C=GB {}
[INFO ] 2020-04-20T13:35:25,145Z [InProcessNode-1-2] messaging.P2PMessagingClient. - Updating bridges on network map change: NodeInfo(addresses=[localhost:10289], legalIdentitiesAndCerts=[O=ROUA, L=, C=GB], platformVersion=5, serial=1587389723406) {}
[INFO ] 2020-04-20T13:35:25,326Z [Thread-0 (ActiveMQ-client-factory-threads-1244871921)] rpc.RPCServer. - Detected RPC client disconnect on address rpc.client.default.2882424749002779344, scheduling for reaping {actor_id=default, actor_owning_identity=O=ROUA, L=, C=GB, actor_store_id=NODE_CONFIG, invocation_id=13a7541d-ea12-453a-84f2-6a2737d7fde5, invocation_timestamp=2020-04-20T13:35:25.260Z, origin=default, session_id=64a17c39-295f-4505-90a0-6309abd05a7b, session_timestamp=2020-04-20T13:35:23.833Z}
[INFO ] 2020-04-20T13:35:25,340Z [Test worker] BasicInfo. - Shutting down ... {}
[INFO ] 2020-04-20T13:35:27,642Z [Test worker] internal.Node. - Shutdown complete {}
[INFO ] 2020-04-20T13:35:27,647Z [Test worker] BasicInfo. - Shutting down ... {}
[INFO ] 2020-04-20T13:35:27,649Z [Thread-0 (ActiveMQ-client-factory-threads-226202503)] rpc.RPCServer. - Detected RPC client disconnect on address rpc.client.default.1471768351615317499, scheduling for reaping {actor_id=default, actor_owning_identity=O=Notary Service, L=Zurich, C=CH, actor_store_id=NODE_CONFIG, invocation_id=fe554366-2fad-470d-930d-fc139fb49aa0, invocation_timestamp=2020-04-20T13:35:22.405Z, origin=default, session_id=518922c2-ec9e-41e9-ab0b-9449d1372678, session_timestamp=2020-04-20T13:35:22.220Z}
[INFO ] 2020-04-20T13:35:29,901Z [Test worker] internal.Node. - Shutdown complete {}
