[INFO ] 2020-04-07T09:02:56,627 [main] ServerKt - Starting ServerKt on GARRYs-I9-MBP with PID 12647 (/Users/garryjackson/Documents/GitHub/samples/cordapp-example/clients/build/classes/kotlin/main started by garryjackson in /Users/garryjackson/Documents/GitHub/samples/cordapp-example/clients)
[INFO ] 2020-04-07T09:02:56,639 [main] ServerKt - No active profile set, falling back to default profiles: default
[INFO ] 2020-04-07T09:02:56,744 [main] AnnotationConfigEmbeddedWebApplicationContext - Refreshing org.springframework.boot.context.embedded.AnnotationConfigEmbeddedWebApplicationContext@10ec523c: startup date [Tue Apr 07 10:02:56 BST 2020]; root of context hierarchy
[INFO ] 2020-04-07T09:02:57,651 [background-preinit] Version - HV000001: Hibernate Validator 5.3.5.Final
[INFO ] 2020-04-07T09:02:58,733 [main] TomcatEmbeddedServletContainer - Tomcat initialized with port(s): 50005 (http)
[INFO ] 2020-04-07T09:02:58,756 [main] StandardService - Starting service [Tomcat]
[INFO ] 2020-04-07T09:02:58,758 [main] StandardEngine - Starting Servlet Engine: Apache Tomcat/8.5.20
[INFO ] 2020-04-07T09:02:58,929 [localhost-startStop-1] [/] - Initializing Spring embedded WebApplicationContext
[INFO ] 2020-04-07T09:02:58,929 [localhost-startStop-1] ContextLoader - Root WebApplicationContext: initialization completed in 2187 ms
[INFO ] 2020-04-07T09:02:59,048 [localhost-startStop-1] ServletRegistrationBean - Mapping servlet: 'dispatcherServlet' to [/]
[INFO ] 2020-04-07T09:02:59,053 [localhost-startStop-1] FilterRegistrationBean - Mapping filter: 'characterEncodingFilter' to: [/*]
[INFO ] 2020-04-07T09:02:59,054 [localhost-startStop-1] FilterRegistrationBean - Mapping filter: 'hiddenHttpMethodFilter' to: [/*]
[INFO ] 2020-04-07T09:02:59,054 [localhost-startStop-1] FilterRegistrationBean - Mapping filter: 'httpPutFormContentFilter' to: [/*]
[INFO ] 2020-04-07T09:02:59,054 [localhost-startStop-1] FilterRegistrationBean - Mapping filter: 'requestContextFilter' to: [/*]
[INFO ] 2020-04-07T09:03:03,146 [main] RPCClient - Startup took 2795 msec
[INFO ] 2020-04-07T09:03:03,691 [main] RequestMappingHandlerAdapter - Looking for @ControllerAdvice: org.springframework.boot.context.embedded.AnnotationConfigEmbeddedWebApplicationContext@10ec523c: startup date [Tue Apr 07 10:02:56 BST 2020]; root of context hierarchy
[INFO ] 2020-04-07T09:03:03,792 [main] RequestMappingHandlerMapping - Mapped "{[/api/example/me],methods=[GET],produces=[application/json]}" onto public final java.util.Map<java.lang.String, net.corda.core.identity.CordaX500Name> com.example.server.MainController.whoami()
[INFO ] 2020-04-07T09:03:03,792 [main] RequestMappingHandlerMapping - Mapped "{[/api/example/peers],methods=[GET],produces=[application/json]}" onto public final java.util.Map<java.lang.String, java.util.List<net.corda.core.identity.CordaX500Name>> com.example.server.MainController.getPeers()
[INFO ] 2020-04-07T09:03:03,793 [main] RequestMappingHandlerMapping - Mapped "{[/api/example/ious],methods=[GET],produces=[application/json]}" onto public final org.springframework.http.ResponseEntity<java.util.List<net.corda.core.contracts.StateAndRef<com.example.state.IOUState>>> com.example.server.MainController.getIOUs()
[INFO ] 2020-04-07T09:03:03,793 [main] RequestMappingHandlerMapping - Mapped "{[/api/example/create-iou],methods=[POST],consumes=[application/x-www-form-urlencoded],produces=[text/plain]}" onto public final org.springframework.http.ResponseEntity<java.lang.String> com.example.server.MainController.createIOU(javax.servlet.http.HttpServletRequest)
[INFO ] 2020-04-07T09:03:03,794 [main] RequestMappingHandlerMapping - Mapped "{[/api/example/my-ious],methods=[GET],produces=[application/json]}" onto public final org.springframework.http.ResponseEntity<java.util.List<net.corda.core.contracts.StateAndRef<com.example.state.IOUState>>> com.example.server.MainController.getMyIOUs()
[INFO ] 2020-04-07T09:03:03,795 [main] RequestMappingHandlerMapping - Mapped "{[/error],produces=[text/html]}" onto public org.springframework.web.servlet.ModelAndView org.springframework.boot.autoconfigure.web.BasicErrorController.errorHtml(javax.servlet.http.HttpServletRequest,javax.servlet.http.HttpServletResponse)
[INFO ] 2020-04-07T09:03:03,795 [main] RequestMappingHandlerMapping - Mapped "{[/error]}" onto public org.springframework.http.ResponseEntity<java.util.Map<java.lang.String, java.lang.Object>> org.springframework.boot.autoconfigure.web.BasicErrorController.error(javax.servlet.http.HttpServletRequest)
[INFO ] 2020-04-07T09:03:03,819 [main] SimpleUrlHandlerMapping - Mapped URL path [/webjars/**] onto handler of type [class org.springframework.web.servlet.resource.ResourceHttpRequestHandler]
[INFO ] 2020-04-07T09:03:03,819 [main] SimpleUrlHandlerMapping - Mapped URL path [/**] onto handler of type [class org.springframework.web.servlet.resource.ResourceHttpRequestHandler]
[INFO ] 2020-04-07T09:03:03,848 [main] SimpleUrlHandlerMapping - Mapped URL path [/**/favicon.ico] onto handler of type [class org.springframework.web.servlet.resource.ResourceHttpRequestHandler]
[INFO ] 2020-04-07T09:03:03,871 [main] WebMvcAutoConfiguration$WelcomePageHandlerMapping - Adding welcome page: class path resource [public/index.html]
[INFO ] 2020-04-07T09:03:04,001 [main] AnnotationMBeanExporter - Registering beans for JMX exposure on startup
[INFO ] 2020-04-07T09:03:04,024 [main] Http11NioProtocol - Initializing ProtocolHandler ["http-nio-50005"]
[INFO ] 2020-04-07T09:03:04,039 [main] Http11NioProtocol - Starting ProtocolHandler ["http-nio-50005"]
[INFO ] 2020-04-07T09:03:04,061 [main] NioSelectorPool - Using a shared selector for servlet write/read
[INFO ] 2020-04-07T09:03:04,088 [main] TomcatEmbeddedServletContainer - Tomcat started on port(s): 50005 (http)
[INFO ] 2020-04-07T09:03:04,095 [main] ServerKt - Started ServerKt in 8.264 seconds (JVM running for 9.786)
[INFO ] 2020-04-07T09:07:27,541 [http-nio-50005-exec-1] [/] - Initializing Spring FrameworkServlet 'dispatcherServlet'
[INFO ] 2020-04-07T09:07:27,541 [http-nio-50005-exec-1] DispatcherServlet - FrameworkServlet 'dispatcherServlet': initialization started
[INFO ] 2020-04-07T09:07:27,556 [http-nio-50005-exec-1] DispatcherServlet - FrameworkServlet 'dispatcherServlet': initialization completed in 14 ms
[INFO ] 2020-04-07T09:38:46,104 [http-nio-50005-exec-4] Http11Processor - Error parsing HTTP request header
 Note: further occurrences of HTTP header parsing errors will be logged at DEBUG level.
java.lang.IllegalArgumentException: Invalid character found in the HTTP protocol
	at org.apache.coyote.http11.Http11InputBuffer.parseRequestLine(Http11InputBuffer.java:529) ~[tomcat-embed-core-8.5.20.jar:8.5.20]
	at org.apache.coyote.http11.Http11Processor.service(Http11Processor.java:683) [tomcat-embed-core-8.5.20.jar:8.5.20]
	at org.apache.coyote.AbstractProcessorLight.process(AbstractProcessorLight.java:66) [tomcat-embed-core-8.5.20.jar:8.5.20]
	at org.apache.coyote.AbstractProtocol$ConnectionHandler.process(AbstractProtocol.java:868) [tomcat-embed-core-8.5.20.jar:8.5.20]
	at org.apache.tomcat.util.net.NioEndpoint$SocketProcessor.doRun(NioEndpoint.java:1457) [tomcat-embed-core-8.5.20.jar:8.5.20]
	at org.apache.tomcat.util.net.SocketProcessorBase.run(SocketProcessorBase.java:49) [tomcat-embed-core-8.5.20.jar:8.5.20]
	at java.util.concurrent.ThreadPoolExecutor.runWorker(ThreadPoolExecutor.java:1149) [?:1.8.0_241]
	at java.util.concurrent.ThreadPoolExecutor$Worker.run(ThreadPoolExecutor.java:624) [?:1.8.0_241]
	at org.apache.tomcat.util.threads.TaskThread$WrappingRunnable.run(TaskThread.java:61) [tomcat-embed-core-8.5.20.jar:8.5.20]
	at java.lang.Thread.run(Thread.java:748) [?:1.8.0_241]
[INFO ] 2020-04-07T11:33:25,192 [Thread-3] AnnotationConfigEmbeddedWebApplicationContext - Closing org.springframework.boot.context.embedded.AnnotationConfigEmbeddedWebApplicationContext@10ec523c: startup date [Tue Apr 07 10:02:56 BST 2020]; root of context hierarchy
[INFO ] 2020-04-07T11:33:25,193 [Thread-3] AnnotationMBeanExporter - Unregistering JMX-exposed beans on shutdown
[WARN ] 2020-04-07T11:33:25,194 [Thread-3] CommonAnnotationBeanPostProcessor - Invocation of destroy method fail