[INFO ] 2020-04-14T19:56:15,047Z [driver-pool-thread-0] network.NodeInfoFilesCopier. - Now watching: /Users/garryjackson/Documents/GitHub/quickstart/cordapp-example/workflows-java/build/node-driver/20200414-195612.628/NotaryService {}
[INFO ] 2020-04-14T19:56:15,447Z [driver-pool-thread-1] internal.DriverDSLImpl. - Starting in-process Node Notary Service {}
[INFO ] 2020-04-14T19:56:15,563Z [driver-pool-thread-1] cordapp.JarScanningCordappLoader. - Looking for CorDapps in [/Users/garryjackson/Documents/GitHub/quickstart/cordapp-example/workflows-java/build/node-driver/20200414-195612.628/NotaryService/cordapps] {}
[INFO ] 2020-04-14T19:56:15,578Z [driver-pool-thread-1] cordapp.JarScanningCordappLoader. - Loading CorDapps from RestrictedURL(url=file:/Users/garryjackson/Documents/GitHub/quickstart/cordapp-example/workflows-java/build/node-driver/20200414-195612.628/NotaryService/cordapps/custom-cordapp_1_6_4e4949c0-3178-4b5e-a280-3f4fbc66d244.jar, rootPackageName=null) {}
[INFO ] 2020-04-14T19:56:15,588Z [driver-pool-thread-1] cordapp.JarScanningCordappLoader. - Scanning CorDapp in file:/Users/garryjackson/Documents/GitHub/quickstart/cordapp-example/workflows-java/build/node-driver/20200414-195612.628/NotaryService/cordapps/custom-cordapp_1_6_4e4949c0-3178-4b5e-a280-3f4fbc66d244.jar {}
[INFO ] 2020-04-14T19:56:16,187Z [driver-pool-thread-1] internal.Node. - Flow external operation executor has a max of 10 threads {}
[INFO ] 2020-04-14T19:56:16,213Z [driver-pool-thread-1] internal.Node. - Node starting up ... {}
[INFO ] 2020-04-14T19:56:16,263Z [driver-pool-thread-1] internal.NodeFlowManager. - Registered com.example.flow.ExampleFlow$Initiator to initiate com.example.flow.ExampleFlow$Acceptor (version 1) {}
[INFO ] 2020-04-14T19:56:16,263Z [driver-pool-thread-1] internal.NodeFlowManager. - Registered com.example.flow.MessageFlow$Initiator to initiate com.example.flow.MessageFlow$Acceptor (version 1) {}
[INFO ] 2020-04-14T19:56:16,352Z [driver-pool-thread-1] internal.Node. - Loaded network parameters: NetworkParameters {
      minimumPlatformVersion=1
      notaries=[NotaryInfo(identity=O=Notary Service, L=Zurich, C=CH, validating=true)]
      maxMessageSize=10485760
      maxTransactionSize=524288000
      whitelistedContractImplementations {
        
      }
      eventHorizon=PT720H
      packageOwnership {
        
      }
      modifiedTime=2020-04-14T19:56:12.639Z
      epoch=1
  } {}
[INFO ] 2020-04-14T19:56:20,171Z [driver-pool-thread-1] persistence.AttachmentVersionNumberMigration. - Start executing... {changeSet=migration/node-services.changelog-init.xml::update-version-of-whitelisted-jars::R3.Corda, databaseChangeLog=master.changelog.json}
[INFO ] 2020-04-14T19:56:20,176Z [driver-pool-thread-1] persistence.AttachmentVersionNumberMigration. - Attachment version creation from whitelisted JARs using network parameters from /Users/garryjackson/Documents/GitHub/quickstart/cordapp-example/workflows-java/build/node-driver/20200414-195612.628/NotaryService/network-parameters, whitelistedContractImplementations: {}. {changeSet=migration/node-services.changelog-init.xml::update-version-of-whitelisted-jars::R3.Corda, databaseChangeLog=master.changelog.json}
[INFO ] 2020-04-14T19:56:20,176Z [driver-pool-thread-1] persistence.AttachmentVersionNumberMigration. - Attachment version creation from whitelisted JARs skipped, no attachments not found. {changeSet=migration/node-services.changelog-init.xml::update-version-of-whitelisted-jars::R3.Corda, databaseChangeLog=master.changelog.json}
[INFO ] 2020-04-14T19:56:20,226Z [driver-pool-thread-1] migration.VaultStateMigration. - Migrating vault state data to V4 tables {changeSet=migration/vault-schema.changelog-v9.xml::update-vault-states::R3.Corda, databaseChangeLog=master.changelog.json}
[INFO ] 2020-04-14T19:56:20,279Z [driver-pool-thread-1] persistence.HibernateConfiguration. - Init HibernateConfiguration for schemas: [VaultMigrationSchemaV1(name=net.corda.node.migration.VaultMigrationSchema, version=1), VaultSchemaV1(name=net.corda.node.services.vault.VaultSchema, version=1)] {changeSet=migration/vault-schema.changelog-v9.xml::update-vault-states::R3.Corda, databaseChangeLog=master.changelog.json}
[INFO ] 2020-04-14T19:56:20,285Z [driver-pool-thread-1] persistence.HibernateConfiguration. - Creating session factory for schemas: [VaultMigrationSchemaV1(name=net.corda.node.migration.VaultMigrationSchema, version=1), VaultSchemaV1(name=net.corda.node.services.vault.VaultSchema, version=1)] {changeSet=migration/vault-schema.changelog-v9.xml::update-vault-states::R3.Corda, databaseChangeLog=master.changelog.json}
[INFO ] 2020-04-14T19:56:22,248Z [driver-pool-thread-1] persistence.HibernateConfiguration. - Created session factory for schemas: [VaultMigrationSchemaV1(name=net.corda.node.migration.VaultMigrationSchema, version=1), VaultSchemaV1(name=net.corda.node.services.vault.VaultSchema, version=1)] {changeSet=migration/vault-schema.changelog-v9.xml::update-vault-states::R3.Corda, databaseChangeLog=master.changelog.json}
[INFO ] 2020-04-14T19:56:22,697Z [driver-pool-thread-1] migration.VaultStateMigration. - Finished performing vault state data migration for 0 states {changeSet=migration/vault-schema.changelog-v9.xml::update-vault-states::R3.Corda, databaseChangeLog=master.changelog.json}
[INFO ] 2020-04-14T19:56:22,698Z [driver-pool-thread-1] migration.PersistentIdentityMigrationNewTable. - Migrating persistent identities with certificates table into persistent table with no certificate data. {changeSet=migration/node-services.changelog-init.xml::transfer-to-new-persistence-table::R3.Corda, databaseChangeLog=master.changelog.json}
[INFO ] 2020-04-14T19:56:22,700Z [driver-pool-thread-1] persistence.HibernateConfiguration. - Init HibernateConfiguration for schemas: [MappedSchema(name=net.corda.node.migration.PersistentIdentitiesMigrationSchema, version=1)] {changeSet=migration/node-services.changelog-init.xml::transfer-to-new-persistence-table::R3.Corda, databaseChangeLog=master.changelog.json}
[INFO ] 2020-04-14T19:56:22,701Z [driver-pool-thread-1] persistence.HibernateConfiguration. - Creating session factory for schemas: [MappedSchema(name=net.corda.node.migration.PersistentIdentitiesMigrationSchema, version=1)] {changeSet=migration/node-services.changelog-init.xml::transfer-to-new-persistence-table::R3.Corda, databaseChangeLog=master.changelog.json}
[INFO ] 2020-04-14T19:56:22,764Z [driver-pool-thread-1] persistence.HibernateConfiguration. - Created session factory for schemas: [MappedSchema(name=net.corda.node.migration.PersistentIdentitiesMigrationSchema, version=1)] {changeSet=migration/node-services.changelog-init.xml::transfer-to-new-persistence-table::R3.Corda, databaseChangeLog=master.changelog.json}
[INFO ] 2020-04-14T19:56:22,790Z [driver-pool-thread-1] internal.Node. - Connected to H2 database. {}
[INFO ] 2020-04-14T19:56:22,803Z [driver-pool-thread-1] persistence.HibernateConfiguration. - Init HibernateConfiguration for schemas: [CommonSchemaV1(name=net.corda.core.schemas.CommonSchema, version=1), VaultSchemaV1(name=net.corda.node.services.vault.VaultSchema, version=1), NodeInfoSchemaV1(name=net.corda.node.internal.schemas.NodeInfoSchema, version=1), NodeCoreV1(name=net.corda.node.services.schema.NodeSchemaService$NodeCore, version=1), IOUSchemaV1(name=com.example.schema.IOUSchema, version=1), NodeNotarySchemaV1(name=net.corda.node.services.transactions.NodeNotarySchema, version=1)] {}
[INFO ] 2020-04-14T19:56:22,803Z [driver-pool-thread-1] persistence.HibernateConfiguration. - Creating session factory for schemas: [CommonSchemaV1(name=net.corda.core.schemas.CommonSchema, version=1), VaultSchemaV1(name=net.corda.node.services.vault.VaultSchema, version=1), NodeInfoSchemaV1(name=net.corda.node.internal.schemas.NodeInfoSchema, version=1), NodeCoreV1(name=net.corda.node.services.schema.NodeSchemaService$NodeCore, version=1), IOUSchemaV1(name=com.example.schema.IOUSchema, version=1), NodeNotarySchemaV1(name=net.corda.node.services.transactions.NodeNotarySchema, version=1)] {}
[INFO ] 2020-04-14T19:56:22,995Z [driver-pool-thread-1] persistence.HibernateConfiguration. - Created session factory for schemas: [CommonSchemaV1(name=net.corda.core.schemas.CommonSchema, version=1), VaultSchemaV1(name=net.corda.node.services.vault.VaultSchema, version=1), NodeInfoSchemaV1(name=net.corda.node.internal.schemas.NodeInfoSchema, version=1), NodeCoreV1(name=net.corda.node.services.schema.NodeSchemaService$NodeCore, version=1), IOUSchemaV1(name=com.example.schema.IOUSchema, version=1), NodeNotarySchemaV1(name=net.corda.node.services.transactions.NodeNotarySchema, version=1)] {}
[INFO ] 2020-04-14T19:56:23,002Z [driver-pool-thread-1] internal.Node. - Node-info has changed so submitting update. Old node-info was null {}
[INFO ] 2020-04-14T19:56:23,002Z [driver-pool-thread-1] network.PersistentNetworkMapCache. - Adding node with info: NodeInfo(addresses=[localhost:10105], legalIdentitiesAndCerts=[O=Notary Service, L=Zurich, C=CH], platformVersion=6, serial=1586894183002) {}
[INFO ] 2020-04-14T19:56:23,005Z [driver-pool-thread-1] network.PersistentNetworkMapCache. - No previous node found for O=Notary Service, L=Zurich, C=CH {}
[INFO ] 2020-04-14T19:56:23,108Z [driver-pool-thread-1] internal.Node. - New node-info: NodeInfo(addresses=[localhost:10105], legalIdentitiesAndCerts=[O=Notary Service, L=Zurich, C=CH], platformVersion=6, serial=1586894183002) {}
[INFO ] 2020-04-14T19:56:23,155Z [driver-pool-thread-1] network.NetworkMapUpdater. - Auto-accept enabled for network parameter changes which modify only: [epoch, modifiedTime, packageOwnership, whitelistedContractImplementations] {}
[INFO ] 2020-04-14T19:56:23,162Z [InProcessNode-1-2] network.PersistentNetworkMapCache. - Adding node with info: NodeInfo(addresses=[localhost:10105], legalIdentitiesAndCerts=[O=Notary Service, L=Zurich, C=CH], platformVersion=6, serial=1586894183002) {}
[INFO ] 2020-04-14T19:56:23,165Z [driver-pool-thread-1] security.RPCSecurityManagerImpl. - Constructing realm from list of users in config [User(default, permissions=[ALL])] {}
[INFO ] 2020-04-14T19:56:23,179Z [InProcessNode-1-2] network.PersistentNetworkMapCache. - Previous node was identical to incoming one - doing nothing {}
[INFO ] 2020-04-14T19:56:23,401Z [driver-pool-thread-1] BasicInfo. - Advertised P2P messaging addresses      : localhost:10105 {}
[INFO ] 2020-04-14T19:56:23,404Z [driver-pool-thread-1] BasicInfo. - RPC connection address                  : localhost:10106 {}
[INFO ] 2020-04-14T19:56:23,404Z [driver-pool-thread-1] BasicInfo. - RPC admin connection address            : localhost:10107 {}
[INFO ] 2020-04-14T19:56:24,408Z [driver-pool-thread-1] messaging.ArtemisMessagingServer. - P2P messaging server listening on 0.0.0.0:10105 {}
[INFO ] 2020-04-14T19:56:24,587Z [driver-pool-thread-1] internal.ArtemisMessagingClient. - Connecting to message broker: localhost:10105 {}
[INFO ] 2020-04-14T19:56:24,972Z [driver-pool-thread-1] internal.ArtemisMessagingClient. - Connecting to message broker: localhost:10105 {}
[INFO ] 2020-04-14T19:56:25,227Z [driver-pool-thread-1] messaging.P2PMessagingClient. - Connecting to message broker: localhost:10105 {}
[INFO ] 2020-04-14T19:56:25,257Z [driver-pool-thread-1] messaging.P2PMessagingClient. - Create fresh queue p2p.inbound.DL2zrKu2WhSFrKceScRNfMWB4Te7FfVcXGn4nLo1ocGLkn bound on same address {}
[INFO ] 2020-04-14T19:56:25,302Z [Thread-0 (ActiveMQ-client-factory-threads-1953371297)] bridging.BridgeControlListener. - Received bridge control message NodeToBridgeSnapshot(nodeIdentity=O=Notary Service, L=Zurich, C=CH, inboxQueues=[p2p.inbound.DL2zrKu2WhSFrKceScRNfMWB4Te7FfVcXGn4nLo1ocGLkn], sendQueues=[]) {}
[INFO ] 2020-04-14T19:56:25,323Z [driver-pool-thread-1] persistence.NodeAttachmentService. - Stored new attachment: id=D4B14B37999B150975893FEB65272A832BBAA3C20A63C8786C42E1AA9112A124 uploader=app filename=Contract: custom-cordapp, Workflow: custom-cordapp {}
[INFO ] 2020-04-14T19:56:25,328Z [driver-pool-thread-1] utilities.NotaryLoader. - Starting notary service: class net.corda.node.services.transactions.SimpleNotaryService {}
[INFO ] 2020-04-14T19:56:25,330Z [driver-pool-thread-1] notary.SinglePartyNotaryService. - Starting notary in validating mode {}
[INFO ] 2020-04-14T19:56:25,631Z [driver-pool-thread-1] statemachine.SingleThreadedStateMachineManager. - Node ready, info: NodeInfo(addresses=[localhost:10105], legalIdentitiesAndCerts=[O=Notary Service, L=Zurich, C=CH], platformVersion=6, serial=1586894183002) {}
[INFO ] 2020-04-14T19:56:25,645Z [Node thread-1] internal.Node. - Registering JMX reporter: {}
[INFO ] 2020-04-14T19:56:25,645Z [Node thread-1] internal.Node. - Registering Jolokia JMX reporter: {}
[INFO ] 2020-04-14T19:56:25,651Z [Notary Service] rpc.RPCServer. - Starting RPC server with configuration RPCServerConfiguration(rpcThreadPoolSize=4, reapInterval=PT1S, deduplicationCacheExpiry=PT24H) {}
[INFO ] 2020-04-14T19:56:25,694Z [Notary Service] BasicInfo. - Running P2PMessaging loop {}
[INFO ] 2020-04-14T19:56:25,799Z [driver-pool-thread-1] internal.RPCClient. - Startup took 125 msec {}
[INFO ] 2020-04-14T19:56:25,886Z [Test worker] network.NodeInfoFilesCopier. - Now watching: /Users/garryjackson/Documents/GitHub/quickstart/cordapp-example/workflows-java/build/node-driver/20200414-195612.628/BankA {}
[INFO ] 2020-04-14T19:56:25,887Z [driver-pool-thread-0] internal.DriverDSLImpl. - Starting in-process Node BankA {}
[INFO ] 2020-04-14T19:56:25,888Z [driver-pool-thread-0] cordapp.JarScanningCordappLoader. - Looking for CorDapps in [/Users/garryjackson/Documents/GitHub/quickstart/cordapp-example/workflows-java/build/node-driver/20200414-195612.628/BankA/cordapps] {}
[INFO ] 2020-04-14T19:56:25,888Z [driver-pool-thread-0] cordapp.JarScanningCordappLoader. - Loading CorDapps from RestrictedURL(url=file:/Users/garryjackson/Documents/GitHub/quickstart/cordapp-example/workflows-java/build/node-driver/20200414-195612.628/BankA/cordapps/custom-cordapp_1_6_4e4949c0-3178-4b5e-a280-3f4fbc66d244.jar, rootPackageName=null) {}
[INFO ] 2020-04-14T19:56:25,888Z [driver-pool-thread-0] cordapp.JarScanningCordappLoader. - Scanning CorDapp in file:/Users/garryjackson/Documents/GitHub/quickstart/cordapp-example/workflows-java/build/node-driver/20200414-195612.628/BankA/cordapps/custom-cordapp_1_6_4e4949c0-3178-4b5e-a280-3f4fbc66d244.jar {}
[INFO ] 2020-04-14T19:56:25,898Z [driver-pool-thread-0] internal.Node. - Flow external operation executor has a max of 10 threads {}
[INFO ] 2020-04-14T19:56:25,899Z [driver-pool-thread-0] internal.Node. - Node starting up ... {}
[INFO ] 2020-04-14T19:56:25,901Z [Test worker] network.NodeInfoFilesCopier. - Now watching: /Users/garryjackson/Documents/GitHub/quickstart/cordapp-example/workflows-java/build/node-driver/20200414-195612.628/BankB {}
[INFO ] 2020-04-14T19:56:25,902Z [driver-pool-thread-1] internal.DriverDSLImpl. - Starting in-process Node BankB {}
[INFO ] 2020-04-14T19:56:25,903Z [driver-pool-thread-1] cordapp.JarScanningCordappLoader. - Looking for CorDapps in [/Users/garryjackson/Documents/GitHub/quickstart/cordapp-example/workflows-java/build/node-driver/20200414-195612.628/BankB/cordapps] {}
[INFO ] 2020-04-14T19:56:25,903Z [driver-pool-thread-1] cordapp.JarScanningCordappLoader. - Loading CorDapps from RestrictedURL(url=file:/Users/garryjackson/Documents/GitHub/quickstart/cordapp-example/workflows-java/build/node-driver/20200414-195612.628/BankB/cordapps/custom-cordapp_1_6_4e4949c0-3178-4b5e-a280-3f4fbc66d244.jar, rootPackageName=null) {}
[INFO ] 2020-04-14T19:56:25,903Z [driver-pool-thread-1] cordapp.JarScanningCordappLoader. - Scanning CorDapp in file:/Users/garryjackson/Documents/GitHub/quickstart/cordapp-example/workflows-java/build/node-driver/20200414-195612.628/BankB/cordapps/custom-cordapp_1_6_4e4949c0-3178-4b5e-a280-3f4fbc66d244.jar {}
[INFO ] 2020-04-14T19:56:25,921Z [driver-pool-thread-1] internal.Node. - Flow external operation executor has a max of 10 threads {}
[INFO ] 2020-04-14T19:56:25,921Z [driver-pool-thread-1] internal.Node. - Node starting up ... {}
[INFO ] 2020-04-14T19:56:25,927Z [driver-pool-thread-0] internal.NodeFlowManager. - Registered com.example.flow.ExampleFlow$Initiator to initiate com.example.flow.ExampleFlow$Acceptor (version 1) {}
[INFO ] 2020-04-14T19:56:25,927Z [driver-pool-thread-0] internal.NodeFlowManager. - Registered com.example.flow.MessageFlow$Initiator to initiate com.example.flow.MessageFlow$Acceptor (version 1) {}
[INFO ] 2020-04-14T19:56:25,930Z [driver-pool-thread-0] internal.Node. - Loaded network parameters: NetworkParameters {
      minimumPlatformVersion=1
      notaries=[NotaryInfo(identity=O=Notary Service, L=Zurich, C=CH, validating=true)]
      maxMessageSize=10485760
      maxTransactionSize=524288000
      whitelistedContractImplementations {
        
      }
      eventHorizon=PT720H
      packageOwnership {
        
      }
      modifiedTime=2020-04-14T19:56:12.639Z
      epoch=1
  } {}
[INFO ] 2020-04-14T19:56:25,949Z [driver-pool-thread-1] internal.NodeFlowManager. - Registered com.example.flow.ExampleFlow$Initiator to initiate com.example.flow.ExampleFlow$Acceptor (version 1) {}
[INFO ] 2020-04-14T19:56:25,949Z [driver-pool-thread-1] internal.NodeFlowManager. - Registered com.example.flow.MessageFlow$Initiator to initiate com.example.flow.MessageFlow$Acceptor (version 1) {}
[INFO ] 2020-04-14T19:56:25,953Z [driver-pool-thread-1] internal.Node. - Loaded network parameters: NetworkParameters {
      minimumPlatformVersion=1
      notaries=[NotaryInfo(identity=O=Notary Service, L=Zurich, C=CH, validating=true)]
      maxMessageSize=10485760
      maxTransactionSize=524288000
      whitelistedContractImplementations {
        
      }
      eventHorizon=PT720H
      packageOwnership {
        
      }
      modifiedTime=2020-04-14T19:56:12.639Z
      epoch=1
  } {}
[INFO ] 2020-04-14T19:56:26,395Z [driver-pool-thread-0] persistence.AttachmentVersionNumberMigration. - Start executing... {changeSet=migration/node-services.changelog-init.xml::update-version-of-whitelisted-jars::R3.Corda, databaseChangeLog=master.changelog.json}
[INFO ] 2020-04-14T19:56:26,397Z [driver-pool-thread-0] persistence.AttachmentVersionNumberMigration. - Attachment version creation from whitelisted JARs using network parameters from /Users/garryjackson/Documents/GitHub/quickstart/cordapp-example/workflows-java/build/node-driver/20200414-195612.628/BankB/network-parameters, whitelistedContractImplementations: {}. {changeSet=migration/node-services.changelog-init.xml::update-version-of-whitelisted-jars::R3.Corda, databaseChangeLog=master.changelog.json}
[INFO ] 2020-04-14T19:56:26,397Z [driver-pool-thread-0] persistence.AttachmentVersionNumberMigration. - Attachment version creation from whitelisted JARs skipped, no attachments not found. {changeSet=migration/node-services.changelog-init.xml::update-version-of-whitelisted-jars::R3.Corda, databaseChangeLog=master.changelog.json}
[INFO ] 2020-04-14T19:56:26,427Z [driver-pool-thread-0] migration.VaultStateMigration. - Migrating vault state data to V4 tables {changeSet=migration/vault-schema.changelog-v9.xml::update-vault-states::R3.Corda, databaseChangeLog=master.changelog.json}
[INFO ] 2020-04-14T19:56:26,429Z [driver-pool-thread-0] persistence.HibernateConfiguration. - Init HibernateConfiguration for schemas: [VaultMigrationSchemaV1(name=net.corda.node.migration.VaultMigrationSchema, version=1), VaultSchemaV1(name=net.corda.node.services.vault.VaultSchema, version=1)] {changeSet=migration/vault-schema.changelog-v9.xml::update-vault-states::R3.Corda, databaseChangeLog=master.changelog.json}
[INFO ] 2020-04-14T19:56:26,429Z [driver-pool-thread-0] persistence.HibernateConfiguration. - Creating session factory for schemas: [VaultMigrationSchemaV1(name=net.corda.node.migration.VaultMigrationSchema, version=1), VaultSchemaV1(name=net.corda.node.services.vault.VaultSchema, version=1)] {changeSet=migration/vault-schema.changelog-v9.xml::update-vault-states::R3.Corda, databaseChangeLog=master.changelog.json}
[INFO ] 2020-04-14T19:56:26,564Z [driver-pool-thread-0] persistence.HibernateConfiguration. - Created session factory for schemas: [VaultMigrationSchemaV1(name=net.corda.node.migration.VaultMigrationSchema, version=1), VaultSchemaV1(name=net.corda.node.services.vault.VaultSchema, version=1)] {changeSet=migration/vault-schema.changelog-v9.xml::update-vault-states::R3.Corda, databaseChangeLog=master.changelog.json}
[INFO ] 2020-04-14T19:56:26,582Z [driver-pool-thread-0] migration.VaultStateMigration. - Finished performing vault state data migration for 0 states {changeSet=migration/vault-schema.changelog-v9.xml::update-vault-states::R3.Corda, databaseChangeLog=master.changelog.json}
[INFO ] 2020-04-14T19:56:26,583Z [driver-pool-thread-0] migration.PersistentIdentityMigrationNewTable. - Migrating persistent identities with certificates table into persistent table with no certificate data. {changeSet=migration/node-services.changelog-init.xml::transfer-to-new-persistence-table::R3.Corda, databaseChangeLog=master.changelog.json}
[INFO ] 2020-04-14T19:56:26,586Z [driver-pool-thread-0] persistence.HibernateConfiguration. - Init HibernateConfiguration for schemas: [MappedSchema(name=net.corda.node.migration.PersistentIdentitiesMigrationSchema, version=1)] {changeSet=migration/node-services.changelog-init.xml::transfer-to-new-persistence-table::R3.Corda, databaseChangeLog=master.changelog.json}
[INFO ] 2020-04-14T19:56:26,586Z [driver-pool-thread-0] persistence.HibernateConfiguration. - Creating session factory for schemas: [MappedSchema(name=net.corda.node.migration.PersistentIdentitiesMigrationSchema, version=1)] {changeSet=migration/node-services.changelog-init.xml::transfer-to-new-persistence-table::R3.Corda, databaseChangeLog=master.changelog.json}
[INFO ] 2020-04-14T19:56:26,648Z [driver-pool-thread-0] persistence.HibernateConfiguration. - Created session factory for schemas: [MappedSchema(name=net.corda.node.migration.PersistentIdentitiesMigrationSchema, version=1)] {changeSet=migration/node-services.changelog-init.xml::transfer-to-new-persistence-table::R3.Corda, databaseChangeLog=master.changelog.json}
[INFO ] 2020-04-14T19:56:26,652Z [driver-pool-thread-0] internal.Node. - Connected to H2 database. {}
[INFO ] 2020-04-14T19:56:26,654Z [driver-pool-thread-0] persistence.HibernateConfiguration. - Init HibernateConfiguration for schemas: [CommonSchemaV1(name=net.corda.core.schemas.CommonSchema, version=1), VaultSchemaV1(name=net.corda.node.services.vault.VaultSchema, version=1), NodeInfoSchemaV1(name=net.corda.node.internal.schemas.NodeInfoSchema, version=1), NodeCoreV1(name=net.corda.node.services.schema.NodeSchemaService$NodeCore, version=1), IOUSchemaV1(name=com.example.schema.IOUSchema, version=1)] {}
[INFO ] 2020-04-14T19:56:26,654Z [driver-pool-thread-0] persistence.HibernateConfiguration. - Creating session factory for schemas: [CommonSchemaV1(name=net.corda.core.schemas.CommonSchema, version=1), VaultSchemaV1(name=net.corda.node.services.vault.VaultSchema, version=1), NodeInfoSchemaV1(name=net.corda.node.internal.schemas.NodeInfoSchema, version=1), NodeCoreV1(name=net.corda.node.services.schema.NodeSchemaService$NodeCore, version=1), IOUSchemaV1(name=com.example.schema.IOUSchema, version=1)] {}
[INFO ] 2020-04-14T19:56:26,788Z [driver-pool-thread-0] persistence.HibernateConfiguration. - Created session factory for schemas: [CommonSchemaV1(name=net.corda.core.schemas.CommonSchema, version=1), VaultSchemaV1(name=net.corda.node.services.vault.VaultSchema, version=1), NodeInfoSchemaV1(name=net.corda.node.internal.schemas.NodeInfoSchema, version=1), NodeCoreV1(name=net.corda.node.services.schema.NodeSchemaService$NodeCore, version=1), IOUSchemaV1(name=com.example.schema.IOUSchema, version=1)] {}
[INFO ] 2020-04-14T19:56:26,789Z [driver-pool-thread-0] internal.Node. - identity-private-key not found in key store, generating fresh key! {}
[INFO ] 2020-04-14T19:56:26,811Z [driver-pool-thread-0] internal.Node. - Node-info has changed so submitting update. Old node-info was null {}
[INFO ] 2020-04-14T19:56:26,811Z [driver-pool-thread-0] network.PersistentNetworkMapCache. - Adding node with info: NodeInfo(addresses=[localhost:10109], legalIdentitiesAndCerts=[O=BankA, L=, C=GB], platformVersion=6, serial=1586894186811) {}
[INFO ] 2020-04-14T19:56:26,812Z [driver-pool-thread-0] network.PersistentNetworkMapCache. - No previous node found for O=BankA, L=, C=GB {}
[INFO ] 2020-04-14T19:56:26,821Z [driver-pool-thread-0] internal.Node. - New node-info: NodeInfo(addresses=[localhost:10109], legalIdentitiesAndCerts=[O=BankA, L=, C=GB], platformVersion=6, serial=1586894186811) {}
[INFO ] 2020-04-14T19:56:26,830Z [driver-pool-thread-0] network.NetworkMapUpdater. - Auto-accept enabled for network parameter changes which modify only: [epoch, modifiedTime, packageOwnership, whitelistedContractImplementations] {}
[INFO ] 2020-04-14T19:56:26,830Z [driver-pool-thread-0] security.RPCSecurityManagerImpl. - Constructing realm from list of users in config [User(default, permissions=[ALL])] {}
[INFO ] 2020-04-14T19:56:26,832Z [driver-pool-thread-0] BasicInfo. - Advertised P2P messaging addresses      : localhost:10109 {}
[INFO ] 2020-04-14T19:56:26,832Z [driver-pool-thread-0] BasicInfo. - RPC connection address                  : localhost:10110 {}
[INFO ] 2020-04-14T19:56:26,832Z [driver-pool-thread-0] BasicInfo. - RPC admin connection address            : localhost:10111 {}
[INFO ] 2020-04-14T19:56:26,834Z [InProcessNode-2-2] network.PersistentNetworkMapCache. - Adding node with info: NodeInfo(addresses=[localhost:10109], legalIdentitiesAndCerts=[O=BankA, L=, C=GB], platformVersion=6, serial=1586894186811) {}
[INFO ] 2020-04-14T19:56:26,841Z [InProcessNode-2-2] network.PersistentNetworkMapCache. - Previous node was identical to incoming one - doing nothing {}
[INFO ] 2020-04-14T19:56:26,842Z [InProcessNode-2-2] network.PersistentNetworkMapCache. - Adding node with info: NodeInfo(addresses=[localhost:10105], legalIdentitiesAndCerts=[O=Notary Service, L=Zurich, C=CH], platformVersion=6, serial=1586894183002) {}
[INFO ] 2020-04-14T19:56:26,844Z [InProcessNode-2-2] network.PersistentNetworkMapCache. - No previous node found for O=Notary Service, L=Zurich, C=CH {}
[INFO ] 2020-04-14T19:56:27,028Z [driver-pool-thread-0] messaging.ArtemisMessagingServer. - P2P messaging server listening on 0.0.0.0:10109 {}
[INFO ] 2020-04-14T19:56:27,052Z [driver-pool-thread-1] persistence.AttachmentVersionNumberMigration. - Start executing... {changeSet=migration/node-services.changelog-init.xml::update-version-of-whitelisted-jars::R3.Corda, databaseChangeLog=master.changelog.json}
[INFO ] 2020-04-14T19:56:27,054Z [driver-pool-thread-1] persistence.AttachmentVersionNumberMigration. - Attachment version creation from whitelisted JARs using network parameters from /Users/garryjackson/Documents/GitHub/quickstart/cordapp-example/workflows-java/build/node-driver/20200414-195612.628/BankB/network-parameters, whitelistedContractImplementations: {}. {changeSet=migration/node-services.changelog-init.xml::update-version-of-whitelisted-jars::R3.Corda, databaseChangeLog=master.changelog.json}
[INFO ] 2020-04-14T19:56:27,054Z [driver-pool-thread-1] persistence.AttachmentVersionNumberMigration. - Attachment version creation from whitelisted JARs skipped, no attachments not found. {changeSet=migration/node-services.changelog-init.xml::update-version-of-whitelisted-jars::R3.Corda, databaseChangeLog=master.changelog.json}
[INFO ] 2020-04-14T19:56:27,068Z [driver-pool-thread-1] migration.VaultStateMigration. - Migrating vault state data to V4 tables {changeSet=migration/vault-schema.changelog-v9.xml::update-vault-states::R3.Corda, databaseChangeLog=master.changelog.json}
[INFO ] 2020-04-14T19:56:27,071Z [driver-pool-thread-1] persistence.HibernateConfiguration. - Init HibernateConfiguration for schemas: [VaultMigrationSchemaV1(name=net.corda.node.migration.VaultMigrationSchema, version=1), VaultSchemaV1(name=net.corda.node.services.vault.VaultSchema, version=1)] {changeSet=migration/vault-schema.changelog-v9.xml::update-vault-states::R3.Corda, databaseChangeLog=master.changelog.json}
[INFO ] 2020-04-14T19:56:27,071Z [driver-pool-thread-1] persistence.HibernateConfiguration. - Creating session factory for schemas: [VaultMigrationSchemaV1(name=net.corda.node.migration.VaultMigrationSchema, version=1), VaultSchemaV1(name=net.corda.node.services.vault.VaultSchema, version=1)] {changeSet=migration/vault-schema.changelog-v9.xml::update-vault-states::R3.Corda, databaseChangeLog=master.changelog.json}
[INFO ] 2020-04-14T19:56:27,166Z [driver-pool-thread-1] persistence.HibernateConfiguration. - Created session factory for schemas: [VaultMigrationSchemaV1(name=net.corda.node.migration.VaultMigrationSchema, version=1), VaultSchemaV1(name=net.corda.node.services.vault.VaultSchema, version=1)] {changeSet=migration/vault-schema.changelog-v9.xml::update-vault-states::R3.Corda, databaseChangeLog=master.changelog.json}
[INFO ] 2020-04-14T19:56:27,175Z [driver-pool-thread-1] migration.VaultStateMigration. - Finished performing vault state data migration for 0 states {changeSet=migration/vault-schema.changelog-v9.xml::update-vault-states::R3.Corda, databaseChangeLog=master.changelog.json}
[INFO ] 2020-04-14T19:56:27,176Z [driver-pool-thread-1] migration.PersistentIdentityMigrationNewTable. - Migrating persistent identities with certificates table into persistent table with no certificate data. {changeSet=migration/node-services.changelog-init.xml::transfer-to-new-persistence-table::R3.Corda, databaseChangeLog=master.changelog.json}
[INFO ] 2020-04-14T19:56:27,178Z [driver-pool-thread-1] persistence.HibernateConfiguration. - Init HibernateConfiguration for schemas: [MappedSchema(name=net.corda.node.migration.PersistentIdentitiesMigrationSchema, version=1)] {changeSet=migration/node-services.changelog-init.xml::transfer-to-new-persistence-table::R3.Corda, databaseChangeLog=master.changelog.json}
[INFO ] 2020-04-14T19:56:27,178Z [driver-pool-thread-1] persistence.HibernateConfiguration. - Creating session factory for schemas: [MappedSchema(name=net.corda.node.migration.PersistentIdentitiesMigrationSchema, version=1)] {changeSet=migration/node-services.changelog-init.xml::transfer-to-new-persistence-table::R3.Corda, databaseChangeLog=master.changelog.json}
[INFO ] 2020-04-14T19:56:27,187Z [driver-pool-thread-0] internal.ArtemisMessagingClient. - Connecting to message broker: localhost:10109 {}
[INFO ] 2020-04-14T19:56:27,231Z [driver-pool-thread-0] internal.ArtemisMessagingClient. - Connecting to message broker: localhost:10109 {}
[INFO ] 2020-04-14T19:56:27,244Z [driver-pool-thread-1] persistence.HibernateConfiguration. - Created session factory for schemas: [MappedSchema(name=net.corda.node.migration.PersistentIdentitiesMigrationSchema, version=1)] {changeSet=migration/node-services.changelog-init.xml::transfer-to-new-persistence-table::R3.Corda, databaseChangeLog=master.changelog.json}
[INFO ] 2020-04-14T19:56:27,248Z [driver-pool-thread-1] internal.Node. - Connected to H2 database. {}
[INFO ] 2020-04-14T19:56:27,249Z [driver-pool-thread-1] persistence.HibernateConfiguration. - Init HibernateConfiguration for schemas: [CommonSchemaV1(name=net.corda.core.schemas.CommonSchema, version=1), VaultSchemaV1(name=net.corda.node.services.vault.VaultSchema, version=1), NodeInfoSchemaV1(name=net.corda.node.internal.schemas.NodeInfoSchema, version=1), NodeCoreV1(name=net.corda.node.services.schema.NodeSchemaService$NodeCore, version=1), IOUSchemaV1(name=com.example.schema.IOUSchema, version=1)] {}
[INFO ] 2020-04-14T19:56:27,249Z [driver-pool-thread-1] persistence.HibernateConfiguration. - Creating session factory for schemas: [CommonSchemaV1(name=net.corda.core.schemas.CommonSchema, version=1), VaultSchemaV1(name=net.corda.node.services.vault.VaultSchema, version=1), NodeInfoSchemaV1(name=net.corda.node.internal.schemas.NodeInfoSchema, version=1), NodeCoreV1(name=net.corda.node.services.schema.NodeSchemaService$NodeCore, version=1), IOUSchemaV1(name=com.example.schema.IOUSchema, version=1)] {}
[INFO ] 2020-04-14T19:56:27,272Z [driver-pool-thread-0] messaging.P2PMessagingClient. - Connecting to message broker: localhost:10109 {}
[INFO ] 2020-04-14T19:56:27,302Z [driver-pool-thread-0] messaging.P2PMessagingClient. - Create fresh queue p2p.inbound.DLFYJ771nvkYbhUk6jLa5EtSS5KCSrxwz2griYPcfYTuu1 bound on same address {}
[INFO ] 2020-04-14T19:56:27,324Z [Thread-0 (ActiveMQ-client-factory-threads-1265932421)] bridging.BridgeControlListener. - Received bridge control message NodeToBridgeSnapshot(nodeIdentity=O=BankA, L=, C=GB, inboxQueues=[p2p.inbound.DLFYJ771nvkYbhUk6jLa5EtSS5KCSrxwz2griYPcfYTuu1], sendQueues=[]) {}
[INFO ] 2020-04-14T19:56:27,342Z [driver-pool-thread-0] persistence.NodeAttachmentService. - Stored new attachment: id=D4B14B37999B150975893FEB65272A832BBAA3C20A63C8786C42E1AA9112A124 uploader=app filename=Contract: custom-cordapp, Workflow: custom-cordapp {}
[INFO ] 2020-04-14T19:56:27,350Z [driver-pool-thread-0] statemachine.SingleThreadedStateMachineManager. - Node ready, info: NodeInfo(addresses=[localhost:10109], legalIdentitiesAndCerts=[O=BankA, L=, C=GB], platformVersion=6, serial=1586894186811) {}
[INFO ] 2020-04-14T19:56:27,355Z [Node thread-2] internal.Node. - Registering JMX reporter: {}
[INFO ] 2020-04-14T19:56:27,355Z [Node thread-2] internal.Node. - Registering Jolokia JMX reporter: {}
[INFO ] 2020-04-14T19:56:27,356Z [BankA] rpc.RPCServer. - Starting RPC server with configuration RPCServerConfiguration(rpcThreadPoolSize=4, reapInterval=PT1S, deduplicationCacheExpiry=PT24H) {}
[INFO ] 2020-04-14T19:56:27,368Z [driver-pool-thread-1] persistence.HibernateConfiguration. - Created session factory for schemas: [CommonSchemaV1(name=net.corda.core.schemas.CommonSchema, version=1), VaultSchemaV1(name=net.corda.node.services.vault.VaultSchema, version=1), NodeInfoSchemaV1(name=net.corda.node.internal.schemas.NodeInfoSchema, version=1), NodeCoreV1(name=net.corda.node.services.schema.NodeSchemaService$NodeCore, version=1), IOUSchemaV1(name=com.example.schema.IOUSchema, version=1)] {}
[INFO ] 2020-04-14T19:56:27,369Z [driver-pool-thread-1] internal.Node. - identity-private-key not found in key store, generating fresh key! {}
[INFO ] 2020-04-14T19:56:27,387Z [driver-pool-thread-1] internal.Node. - Node-info has changed so submitting update. Old node-info was null {}
[INFO ] 2020-04-14T19:56:27,387Z [driver-pool-thread-1] network.PersistentNetworkMapCache. - Adding node with info: NodeInfo(addresses=[localhost:10113], legalIdentitiesAndCerts=[O=BankB, L=, C=US], platformVersion=6, serial=1586894187387) {}
[INFO ] 2020-04-14T19:56:27,389Z [driver-pool-thread-1] network.PersistentNetworkMapCache. - No previous node found for O=BankB, L=, C=US {}
[INFO ] 2020-04-14T19:56:27,392Z [BankA] BasicInfo. - Running P2PMessaging loop {}
[INFO ] 2020-04-14T19:56:27,400Z [driver-pool-thread-1] internal.Node. - New node-info: NodeInfo(addresses=[localhost:10113], legalIdentitiesAndCerts=[O=BankB, L=, C=US], platformVersion=6, serial=1586894187387) {}
[INFO ] 2020-04-14T19:56:27,408Z [driver-pool-thread-0] internal.RPCClient. - Startup took 51 msec {}
[INFO ] 2020-04-14T19:56:27,414Z [driver-pool-thread-1] network.NetworkMapUpdater. - Auto-accept enabled for network parameter changes which modify only: [epoch, modifiedTime, packageOwnership, whitelistedContractImplementations] {}
[INFO ] 2020-04-14T19:56:27,415Z [driver-pool-thread-1] security.RPCSecurityManagerImpl. - Constructing realm from list of users in config [User(default, permissions=[ALL])] {}
[INFO ] 2020-04-14T19:56:27,416Z [driver-pool-thread-1] BasicInfo. - Advertised P2P messaging addresses      : localhost:10113 {}
[INFO ] 2020-04-14T19:56:27,416Z [driver-pool-thread-1] BasicInfo. - RPC connection address                  : localhost:10114 {}
[INFO ] 2020-04-14T19:56:27,416Z [driver-pool-thread-1] BasicInfo. - RPC admin connection address            : localhost:10115 {}
[INFO ] 2020-04-14T19:56:27,420Z [InProcessNode-3-2] network.PersistentNetworkMapCache. - Adding node with info: NodeInfo(addresses=[localhost:10105], legalIdentitiesAndCerts=[O=Notary Service, L=Zurich, C=CH], platformVersion=6, serial=1586894183002) {}
[INFO ] 2020-04-14T19:56:27,429Z [InProcessNode-3-2] network.PersistentNetworkMapCache. - No previous node found for O=Notary Service, L=Zurich, C=CH {}
[INFO ] 2020-04-14T19:56:27,453Z [InProcessNode-3-2] network.PersistentNetworkMapCache. - Adding node with info: NodeInfo(addresses=[localhost:10113], legalIdentitiesAndCerts=[O=BankB, L=, C=US], platformVersion=6, serial=1586894187387) {}
[INFO ] 2020-04-14T19:56:27,456Z [InProcessNode-3-2] network.PersistentNetworkMapCache. - Previous node was identical to incoming one - doing nothing {}
[INFO ] 2020-04-14T19:56:27,521Z [driver-pool-thread-1] messaging.ArtemisMessagingServer. - P2P messaging server listening on 0.0.0.0:10113 {}
[INFO ] 2020-04-14T19:56:27,602Z [driver-pool-thread-1] internal.ArtemisMessagingClient. - Connecting to message broker: localhost:10113 {}
[INFO ] 2020-04-14T19:56:27,631Z [driver-pool-thread-1] internal.ArtemisMessagingClient. - Connecting to message broker: localhost:10113 {}
[INFO ] 2020-04-14T19:56:27,666Z [driver-pool-thread-1] messaging.P2PMessagingClient. - Connecting to message broker: localhost:10113 {}
[INFO ] 2020-04-14T19:56:27,689Z [driver-pool-thread-1] messaging.P2PMessagingClient. - Create fresh queue p2p.inbound.DLCtshKoJmqHY75pBQ7k8w513HgQYDhvf3Bno5fdkpC9zq bound on same address {}
[INFO ] 2020-04-14T19:56:27,708Z [Thread-0 (ActiveMQ-client-factory-threads-1916862374)] bridging.BridgeControlListener. - Received bridge control message NodeToBridgeSnapshot(nodeIdentity=O=BankB, L=, C=US, inboxQueues=[p2p.inbound.DLCtshKoJmqHY75pBQ7k8w513HgQYDhvf3Bno5fdkpC9zq], sendQueues=[]) {}
[INFO ] 2020-04-14T19:56:27,721Z [driver-pool-thread-1] persistence.NodeAttachmentService. - Stored new attachment: id=D4B14B37999B150975893FEB65272A832BBAA3C20A63C8786C42E1AA9112A124 uploader=app filename=Contract: custom-cordapp, Workflow: custom-cordapp {}
[INFO ] 2020-04-14T19:56:27,727Z [driver-pool-thread-1] statemachine.SingleThreadedStateMachineManager. - Node ready, info: NodeInfo(addresses=[localhost:10113], legalIdentitiesAndCerts=[O=BankB, L=, C=US], platformVersion=6, serial=1586894187387) {}
[INFO ] 2020-04-14T19:56:27,730Z [Node thread-3] internal.Node. - Registering JMX reporter: {}
[INFO ] 2020-04-14T19:56:27,730Z [Node thread-3] internal.Node. - Registering Jolokia JMX reporter: {}
[INFO ] 2020-04-14T19:56:27,731Z [BankB] rpc.RPCServer. - Starting RPC server with configuration RPCServerConfiguration(rpcThreadPoolSize=4, reapInterval=PT1S, deduplicationCacheExpiry=PT24H) {}
[INFO ] 2020-04-14T19:56:27,768Z [BankB] BasicInfo. - Running P2PMessaging loop {}
[INFO ] 2020-04-14T19:56:27,779Z [driver-pool-thread-0] internal.RPCClient. - Startup took 47 msec {}
[INFO ] 2020-04-14T19:56:27,834Z [InProcessNode-2-2] network.PersistentNetworkMapCache. - Adding node with info: NodeInfo(addresses=[localhost:10113], legalIdentitiesAndCerts=[O=BankB, L=, C=US], platformVersion=6, serial=1586894187387) {}
[INFO ] 2020-04-14T19:56:27,836Z [InProcessNode-2-2] network.PersistentNetworkMapCache. - No previous node found for O=BankB, L=, C=US {}
[INFO ] 2020-04-14T19:56:27,845Z [InProcessNode-2-2] messaging.P2PMessagingClient. - Updating bridges on network map change: NodeInfo(addresses=[localhost:10113], legalIdentitiesAndCerts=[O=BankB, L=, C=US], platformVersion=6, serial=1586894187387) {}
[INFO ] 2020-04-14T19:56:28,165Z [InProcessNode-1-2] network.PersistentNetworkMapCache. - Adding node with info: NodeInfo(addresses=[localhost:10109], legalIdentitiesAndCerts=[O=BankA, L=, C=GB], platformVersion=6, serial=1586894186811) {}
[INFO ] 2020-04-14T19:56:28,166Z [InProcessNode-1-2] network.PersistentNetworkMapCache. - No previous node found for O=BankA, L=, C=GB {}
[INFO ] 2020-04-14T19:56:28,177Z [InProcessNode-1-2] messaging.P2PMessagingClient. - Updating bridges on network map change: NodeInfo(addresses=[localhost:10109], legalIdentitiesAndCerts=[O=BankA, L=, C=GB], platformVersion=6, serial=1586894186811) {}
[INFO ] 2020-04-14T19:56:28,179Z [InProcessNode-1-2] network.PersistentNetworkMapCache. - Adding node with info: NodeInfo(addresses=[localhost:10113], legalIdentitiesAndCerts=[O=BankB, L=, C=US], platformVersion=6, serial=1586894187387) {}
[INFO ] 2020-04-14T19:56:28,179Z [InProcessNode-1-2] network.PersistentNetworkMapCache. - No previous node found for O=BankB, L=, C=US {}
[INFO ] 2020-04-14T19:56:28,188Z [InProcessNode-1-2] messaging.P2PMessagingClient. - Updating bridges on network map change: NodeInfo(addresses=[localhost:10113], legalIdentitiesAndCerts=[O=BankB, L=, C=US], platformVersion=6, serial=1586894187387) {}
[INFO ] 2020-04-14T19:56:28,421Z [InProcessNode-3-2] network.PersistentNetworkMapCache. - Adding node with info: NodeInfo(addresses=[localhost:10109], legalIdentitiesAndCerts=[O=BankA, L=, C=GB], platformVersion=6, serial=1586894186811) {}
[INFO ] 2020-04-14T19:56:28,421Z [InProcessNode-3-2] network.PersistentNetworkMapCache. - No previous node found for O=BankA, L=, C=GB {}
[INFO ] 2020-04-14T19:56:28,428Z [InProcessNode-3-2] messaging.P2PMessagingClient. - Updating bridges on network map change: NodeInfo(addresses=[localhost:10109], legalIdentitiesAndCerts=[O=BankA, L=, C=GB], platformVersion=6, serial=1586894186811) {}
[INFO ] 2020-04-14T19:56:28,491Z [Thread-0 (ActiveMQ-client-factory-threads-75151516)] rpc.RPCServer. - Detected RPC client disconnect on address rpc.client.default.6930396365079632611, scheduling for reaping {actor_id=default, actor_owning_identity=O=BankB, L=, C=US, actor_store_id=NODE_CONFIG, invocation_id=d132beab-af51-439d-bf44-e472888dce6f, invocation_timestamp=2020-04-14T19:56:28.457Z, origin=default, session_id=a0005704-61bd-49a3-83a7-45d0171757ff, session_timestamp=2020-04-14T19:56:27.732Z}
[INFO ] 2020-04-14T19:56:28,517Z [Test worker] BasicInfo. - Shutting down ... {}
[INFO ] 2020-04-14T19:56:28,517Z [Thread-0 (ActiveMQ-client-factory-threads-1253191023)] rpc.RPCServer. - Detected RPC client disconnect on address rpc.client.default.8702734279581399203, scheduling for reaping {actor_id=default, actor_owning_identity=O=BankA, L=, C=GB, actor_store_id=NODE_CONFIG, invocation_id=ab65dcba-ee62-4994-962f-0b35e222ec2c, invocation_timestamp=2020-04-14T19:56:28.448Z, origin=default, session_id=ec3969a6-62dd-430b-9c28-5dfa93852c79, session_timestamp=2020-04-14T19:56:27.356Z}
[INFO ] 2020-04-14T19:56:30,826Z [Test worker] internal.Node. - Shutdown complete {}
[INFO ] 2020-04-14T19:56:30,826Z [Test worker] BasicInfo. - Shutting down ... {}
[INFO ] 2020-04-14T19:56:33,095Z [Test worker] internal.Node. - Shutdown complete {}
[INFO ] 2020-04-14T19:56:33,100Z [Test worker] BasicInfo. - Shutting down ... {}
[INFO ] 2020-04-14T19:56:33,101Z [Thread-0 (ActiveMQ-client-factory-threads-1980623367)] rpc.RPCServer. - Detected RPC client disconnect on address rpc.client.default.8304266454074402412, scheduling for reaping {actor_id=default, actor_owning_identity=O=Notary Service, L=Zurich, C=CH, actor_store_id=NODE_CONFIG, invocation_id=8af5e69c-fd19-441f-86ef-820fc706beaf, invocation_timestamp=2020-04-14T19:56:25.866Z, origin=default, session_id=2f5104d5-7e8d-4f54-973f-eeaeffc411fa, session_timestamp=2020-04-14T19:56:25.676Z}
[INFO ] 2020-04-14T19:56:35,349Z [Test worker] internal.Node. - Shutdown complete {}
